c:\projects\cocos2dx\shipwreck\cocos2d\cocos\editor-support\spine\proj.win8.1-universal\libspine.windows\debug\polygonbatch.obj
c:\projects\cocos2dx\shipwreck\cocos2d\cocos\editor-support\spine\proj.win8.1-universal\libspine.windows\debug\spine-cocos2dx.obj
c:\projects\cocos2dx\shipwreck\cocos2d\cocos\editor-support\spine\proj.win8.1-universal\libspine.windows\debug\skeletonanimation.obj
c:\projects\cocos2dx\shipwreck\cocos2d\cocos\editor-support\spine\proj.win8.1-universal\libspine.windows\debug\skeletonrenderer.obj
c:\projects\cocos2dx\shipwreck\proj.win8.1-universal\debug\libspine.windows\libspine.windows.pdb
c:\projects\cocos2dx\shipwreck\cocos2d\cocos\editor-support\spine\proj.win8.1-universal\libspine.windows\debug\libspine.windows.vcxprojresolveassemblyreference.cache
c:\projects\cocos2dx\shipwreck\cocos2d\cocos\editor-support\spine\proj.win8.1-universal\libspine.windows\debug\animation.obj
c:\projects\cocos2dx\shipwreck\cocos2d\cocos\editor-support\spine\proj.win8.1-universal\libspine.windows\debug\animationstate.obj
c:\projects\cocos2dx\shipwreck\cocos2d\cocos\editor-support\spine\proj.win8.1-universal\libspine.windows\debug\animationstatedata.obj
c:\projects\cocos2dx\shipwreck\cocos2d\cocos\editor-support\spine\proj.win8.1-universal\libspine.windows\debug\atlas.obj
c:\projects\cocos2dx\shipwreck\cocos2d\cocos\editor-support\spine\proj.win8.1-universal\libspine.windows\debug\atlasattachmentloader.obj
c:\projects\cocos2dx\shipwreck\cocos2d\cocos\editor-support\spine\proj.win8.1-universal\libspine.windows\debug\attachment.obj
c:\projects\cocos2dx\shipwreck\cocos2d\cocos\editor-support\spine\proj.win8.1-universal\libspine.windows\debug\attachmentloader.obj
c:\projects\cocos2dx\shipwreck\cocos2d\cocos\editor-support\spine\proj.win8.1-universal\libspine.windows\debug\bone.obj
c:\projects\cocos2dx\shipwreck\cocos2d\cocos\editor-support\spine\proj.win8.1-universal\libspine.windows\debug\bonedata.obj
c:\projects\cocos2dx\shipwreck\cocos2d\cocos\editor-support\spine\proj.win8.1-universal\libspine.windows\debug\boundingboxattachment.obj
c:\projects\cocos2dx\shipwreck\cocos2d\cocos\editor-support\spine\proj.win8.1-universal\libspine.windows\debug\event.obj
c:\projects\cocos2dx\shipwreck\cocos2d\cocos\editor-support\spine\proj.win8.1-universal\libspine.windows\debug\eventdata.obj
c:\projects\cocos2dx\shipwreck\cocos2d\cocos\editor-support\spine\proj.win8.1-universal\libspine.windows\debug\extension.obj
c:\projects\cocos2dx\shipwreck\cocos2d\cocos\editor-support\spine\proj.win8.1-universal\libspine.windows\debug\ikconstraint.obj
c:\projects\cocos2dx\shipwreck\cocos2d\cocos\editor-support\spine\proj.win8.1-universal\libspine.windows\debug\ikconstraintdata.obj
c:\projects\cocos2dx\shipwreck\cocos2d\cocos\editor-support\spine\proj.win8.1-universal\libspine.windows\debug\json.obj
c:\projects\cocos2dx\shipwreck\cocos2d\cocos\editor-support\spine\proj.win8.1-universal\libspine.windows\debug\meshattachment.obj
c:\projects\cocos2dx\shipwreck\cocos2d\cocos\editor-support\spine\proj.win8.1-universal\libspine.windows\debug\regionattachment.obj
c:\projects\cocos2dx\shipwreck\cocos2d\cocos\editor-support\spine\proj.win8.1-universal\libspine.windows\debug\skeleton.obj
c:\projects\cocos2dx\shipwreck\cocos2d\cocos\editor-support\spine\proj.win8.1-universal\libspine.windows\debug\skeletonbounds.obj
c:\projects\cocos2dx\shipwreck\cocos2d\cocos\editor-support\spine\proj.win8.1-universal\libspine.windows\debug\skeletondata.obj
c:\projects\cocos2dx\shipwreck\cocos2d\cocos\editor-support\spine\proj.win8.1-universal\libspine.windows\debug\skeletonjson.obj
c:\projects\cocos2dx\shipwreck\cocos2d\cocos\editor-support\spine\proj.win8.1-universal\libspine.windows\debug\skin.obj
c:\projects\cocos2dx\shipwreck\cocos2d\cocos\editor-support\spine\proj.win8.1-universal\libspine.windows\debug\skinnedmeshattachment.obj
c:\projects\cocos2dx\shipwreck\cocos2d\cocos\editor-support\spine\proj.win8.1-universal\libspine.windows\debug\slot.obj
c:\projects\cocos2dx\shipwreck\cocos2d\cocos\editor-support\spine\proj.win8.1-universal\libspine.windows\debug\slotdata.obj
c:\projects\cocos2dx\shipwreck\proj.win8.1-universal\debug\libspine.windows\libspine.windows.lib
c:\projects\cocos2dx\shipwreck\cocos2d\cocos\editor-support\spine\proj.win8.1-universal\libspine.windows\debug\libspine.windows.tlog\cl.3180.read.1.tlog
c:\projects\cocos2dx\shipwreck\cocos2d\cocos\editor-support\spine\proj.win8.1-universal\libspine.windows\debug\libspine.windows.tlog\cl.3180.write.1.tlog
c:\projects\cocos2dx\shipwreck\cocos2d\cocos\editor-support\spine\proj.win8.1-universal\libspine.windows\debug\libspine.windows.tlog\cl.4852.read.1.tlog
c:\projects\cocos2dx\shipwreck\cocos2d\cocos\editor-support\spine\proj.win8.1-universal\libspine.windows\debug\libspine.windows.tlog\cl.4852.write.1.tlog
c:\projects\cocos2dx\shipwreck\cocos2d\cocos\editor-support\spine\proj.win8.1-universal\libspine.windows\debug\libspine.windows.tlog\cl.5484.read.1.tlog
c:\projects\cocos2dx\shipwreck\cocos2d\cocos\editor-support\spine\proj.win8.1-universal\libspine.windows\debug\libspine.windows.tlog\cl.5484.write.1.tlog
c:\projects\cocos2dx\shipwreck\cocos2d\cocos\editor-support\spine\proj.win8.1-universal\libspine.windows\debug\libspine.windows.tlog\cl.5488.read.1.tlog
c:\projects\cocos2dx\shipwreck\cocos2d\cocos\editor-support\spine\proj.win8.1-universal\libspine.windows\debug\libspine.windows.tlog\cl.5488.write.1.tlog
c:\projects\cocos2dx\shipwreck\cocos2d\cocos\editor-support\spine\proj.win8.1-universal\libspine.windows\debug\libspine.windows.tlog\cl.command.1.tlog
c:\projects\cocos2dx\shipwreck\cocos2d\cocos\editor-support\spine\proj.win8.1-universal\libspine.windows\debug\libspine.windows.tlog\cl.read.1.tlog
c:\projects\cocos2dx\shipwreck\cocos2d\cocos\editor-support\spine\proj.win8.1-universal\libspine.windows\debug\libspine.windows.tlog\cl.write.1.tlog
